<?xml version="1.0" encoding="UTF-8"?>
<!-- Generated by org.testng.reporters.JUnitXMLReporter -->
<testsuite hostname="D103260" name="Webjourney" tests="6" failures="2" timestamp="1 Aug 2012 09:57:12 GMT" time="68.262" errors="0">
  <testcase name="A_testWebDriverWebJourney1" time="37.998" classname="ACS_CRMN.WebJourney"/>
  <testcase name="B_CheckProfile" time="6.024" classname="ACS_CRMN.WebJourney"/>
  <testcase name="C_testWebDriverWebJourney2" time="6.582" classname="ACS_CRMN.WebJourney"/>
  <testcase name="D_CheckEntitlement" time="0.307" classname="ACS_CRMN.WebJourney"/>
  <testcase name="F_checkProfile" time="0.147" classname="ACS_CRMN.WebJourney">
    <failure type="java.lang.AssertionError" message="Profile after updation........ expected:&amp;lt;true&amp;gt; but was:&amp;lt;false&amp;gt;">
      <![CDATA[java.lang.AssertionError: Profile after updation........ expected:<true> but was:<false>
	at ACS_CRMN.WebJourney.F_checkProfile(WebJourney.java:73)
... Removed 28 stack frames]]>
    </failure>
  </testcase> <!-- F_checkProfile -->
  <testcase name="G_CheckEntitlement" time="0.154" classname="ACS_CRMN.WebJourney">
    <failure type="java.lang.AssertionError" message="Entitlements  before updation...should be zero....... expected:&amp;lt;true&amp;gt; but was:&amp;lt;false&amp;gt;">
      <![CDATA[java.lang.AssertionError: Entitlements  before updation...should be zero....... expected:<true> but was:<false>
	at ACS_CRMN.WebJourney.G_CheckEntitlement(WebJourney.java:83)
... Removed 28 stack frames]]>
    </failure>
  </testcase> <!-- G_CheckEntitlement -->
</testsuite> <!-- Webjourney -->
